<?xml version="1.0" encoding="UTF-8"?>
<!-- Generated by org.testng.reporters.JUnitReportReporter -->
<testsuite skipped="0" hostname="DESKTOP-ST7OKVD" name="TestCode.LoginTest" tests="1" failures="0" timestamp="10 五月 2017 02:49:53 GMT" time="49.366" errors="0">
  <testcase name="loginTest1" time="49.366" classname="TestCode.LoginTest"/>
</testsuite> <!-- TestCode.LoginTest -->
