<?xml version="1.0" encoding="UTF-8"?>
<!-- Generated by org.testng.reporters.JUnitReportReporter -->
<testsuite skipped="0" hostname="DESKTOP-ST7OKVD" name="TestCode.LoginTest" tests="1" failures="0" timestamp="09 五月 2017 09:20:33 GMT" time="13.191" errors="0">
  <testcase name="loginTest" time="13.191" classname="TestCode.LoginTest"/>
</testsuite> <!-- TestCode.LoginTest -->
